<?xml version="1.0" encoding="UTF-8"?>
<!-- Generated by org.testng.reporters.JUnitXMLReporter -->
<testsuite ignored="0" hostname="STS-2479" failures="2" tests="6" name="Surefire test" time="63.692" errors="0" timestamp="2025-09-16T08:15:29 IST">
  <testcase classname="EcommerceTest.tests.ErrorValidationTest" name="loginErrorValidation" time="0.5">
    <skipped/>
  </testcase> <!-- loginErrorValidation -->
  <testcase classname="EcommerceTest.tests.ErrorValidationTest" name="loginErrorValidation" time="0.422">
    <failure type="java.lang.AssertionError" message="expected [Incorrect email or password.] but found [Incorrect emailor password.]">
      <![CDATA[java.lang.AssertionError: expected [Incorrect email or password.] but found [Incorrect emailor password.]
at EcommerceTest.tests.ErrorValidationTest.loginErrorValidation(ErrorValidationTest.java:37)
at java.base/java.util.ArrayList.forEach(ArrayList.java:1597)
... Removed 36 stack frames]]>
    </failure>
  </testcase> <!-- loginErrorValidation -->
  <testcase classname="EcommerceTest.tests.ErrorValidationTest" name="productErrorValidation" time="13.542"/>
  <testcase classname="EcommerceTest.tests.SubmitOrderTest" name="SubmitOrder" time="15.04"/>
  <testcase classname="EcommerceTest.tests.SubmitOrderTest" name="SubmitOrder" time="22.453">
    <failure type="java.lang.AssertionError" message="expected [true] but found [false]">
      <![CDATA[java.lang.AssertionError: expected [true] but found [false]
at EcommerceTest.tests.SubmitOrderTest.SubmitOrder(SubmitOrderTest.java:48)
at java.base/java.util.ArrayList.forEach(ArrayList.java:1597)
... Removed 34 stack frames]]>
    </failure>
  </testcase> <!-- SubmitOrder -->
  <testcase classname="EcommerceTest.tests.SubmitOrderTest" name="OrderHistoryTest" time="0.0">
    <skipped/>
  </testcase> <!-- OrderHistoryTest -->
</testsuite> <!-- Surefire test -->
